2020-09-27 11:11:47,328 [INFO] Activator:178 - 


2020-09-27 11:11:47,331 [INFO] Activator:179 - !SESSION log4j initialized
2020-09-27 11:11:48,668 [ERROR] LogOutputStream:74 - [STDERR_REDIRECT] 
2020-09-27 11:12:06,100 [INFO] LogOutputStream:76 - [STDOUT_REDIRECT] ***WARNING: Display must be created on main thread due to Cocoa restrictions. Use vmarg -XstartOnFirstThread
2020-09-27 11:12:06,102 [INFO] LogOutputStream:76 - [STDOUT_REDIRECT] ***WARNING: Display must be created on main thread due to Cocoa restrictions. Use vmarg -XstartOnFirstThread
2020-09-27 11:12:15,852 [INFO] Activator:178 - 


2020-09-27 11:12:15,857 [INFO] Activator:179 - !SESSION log4j initialized
2020-09-27 11:12:17,954 [ERROR] LogOutputStream:74 - [STDERR_REDIRECT] 
2020-09-27 11:12:31,422 [INFO] ApplicationProperties:181 - Using Application install path: /Applications/STM32CubeIDE.app/Contents/Eclipse/plugins/com.st.stm32cube.common.mx_6.0.0.202007160824
2020-09-27 11:12:31,437 [INFO] DbMcusXml:70 - Set database path to: /Applications/STM32CubeIDE.app/Contents/Eclipse/plugins/com.st.stm32cube.common.mx_6.0.0.202007160824//db//mcu/
2020-09-27 11:12:31,441 [INFO] DbBoardsPdsc:56 - Set plugin database path to: /Applications/STM32CubeIDE.app/Contents/Eclipse/plugins/com.st.stm32cube.common.mx_6.0.0.202007160824//db//plugins/boardmanager/
2020-09-27 11:12:31,442 [INFO] DbMcus:258 - Set plugin images path to: /Applications/STM32CubeIDE.app/Contents/Eclipse/plugins/com.st.stm32cube.common.mx_6.0.0.202007160824//db//plugins/mcufinder/images/
2020-09-27 11:12:31,442 [INFO] DbBoards:264 - Set plugin images path to: /Applications/STM32CubeIDE.app/Contents/Eclipse/plugins/com.st.stm32cube.common.mx_6.0.0.202007160824//db//plugins/mcufinder/images/
2020-09-27 11:12:31,446 [INFO] DbExamples:326 - Set plugin images path to: /Applications/STM32CubeIDE.app/Contents/Eclipse/plugins/com.st.stm32cube.common.mx_6.0.0.202007160824//db//plugins/mcufinder/images/
2020-09-27 11:12:31,452 [INFO] DbMcusDocs:112 - Set database path to: /Users/bliss/.stmcufinder/plugins/mcufinder//mcu/
2020-09-27 11:12:31,454 [INFO] DbMcusJson:63 - Set database path to: /Users/bliss/.stmcufinder/plugins/mcufinder//mcu/
2020-09-27 11:12:31,456 [INFO] DbBoardsDocs:112 - Set database path to: /Users/bliss/.stmcufinder/plugins/mcufinder//mcu/
2020-09-27 11:12:31,457 [INFO] DbBoardsJson:56 - Set database path to: /Users/bliss/.stmcufinder/plugins/mcufinder//mcu/
2020-09-27 11:12:31,462 [INFO] CrossReferenceDbSqlite:196 - Set database path to: /Users/bliss/.stmcufinder/plugins/mcufinder//mcu/cs/
2020-09-27 11:12:31,467 [INFO] DbExamplesSqlite:800 - Set database path to: /Users/bliss/.stmcufinder/plugins/mcufinder//mcu/
2020-09-27 11:12:31,668 [INFO] RulesReader:52 - Compatibility file has been processed (209 Rules)
2020-09-27 11:12:31,783 [INFO] MicroXplorer:564 - Detected Java Version = 1.8.0_252
2020-09-27 11:12:31,783 [INFO] DbMcusXml:70 - Set database path to: /Applications/STM32CubeIDE.app/Contents/Eclipse/plugins/com.st.stm32cube.common.mx_6.0.0.202007160824//db//mcu/
2020-09-27 11:12:31,783 [INFO] DbBoardsPdsc:56 - Set plugin database path to: /Applications/STM32CubeIDE.app/Contents/Eclipse/plugins/com.st.stm32cube.common.mx_6.0.0.202007160824//db//plugins/boardmanager/
2020-09-27 11:12:31,785 [INFO] DbMcus:258 - Set plugin images path to: /Applications/STM32CubeIDE.app/Contents/Eclipse/plugins/com.st.stm32cube.common.mx_6.0.0.202007160824//db//plugins/mcufinder/images/
2020-09-27 11:12:31,785 [INFO] DbBoards:264 - Set plugin images path to: /Applications/STM32CubeIDE.app/Contents/Eclipse/plugins/com.st.stm32cube.common.mx_6.0.0.202007160824//db//plugins/mcufinder/images/
2020-09-27 11:12:31,785 [INFO] DbExamples:326 - Set plugin images path to: /Applications/STM32CubeIDE.app/Contents/Eclipse/plugins/com.st.stm32cube.common.mx_6.0.0.202007160824//db//plugins/mcufinder/images/
2020-09-27 11:12:31,786 [WARN] DbFile:36 - Overriding database path with different value: /Users/bliss/.stmcufinder/plugins/mcufinder/ => /Users/bliss/.stmcufinder/plugins/mcufinder
2020-09-27 11:12:31,786 [INFO] DbMcusDocs:112 - Set database path to: /Users/bliss/.stmcufinder/plugins/mcufinder//mcu/
2020-09-27 11:12:31,786 [WARN] DbFile:36 - Overriding database path with different value: /Users/bliss/.stmcufinder/plugins/mcufinder/ => /Users/bliss/.stmcufinder/plugins/mcufinder
2020-09-27 11:12:31,787 [INFO] DbMcusJson:63 - Set database path to: /Users/bliss/.stmcufinder/plugins/mcufinder//mcu/
2020-09-27 11:12:31,787 [WARN] DbFile:36 - Overriding database path with different value: /Users/bliss/.stmcufinder/plugins/mcufinder/ => /Users/bliss/.stmcufinder/plugins/mcufinder
2020-09-27 11:12:31,787 [INFO] DbBoardsDocs:112 - Set database path to: /Users/bliss/.stmcufinder/plugins/mcufinder//mcu/
2020-09-27 11:12:31,787 [WARN] DbFile:36 - Overriding database path with different value: /Users/bliss/.stmcufinder/plugins/mcufinder/ => /Users/bliss/.stmcufinder/plugins/mcufinder
2020-09-27 11:12:31,787 [INFO] DbBoardsJson:56 - Set database path to: /Users/bliss/.stmcufinder/plugins/mcufinder//mcu/
2020-09-27 11:12:31,788 [WARN] DbFile:36 - Overriding database path with different value: /Users/bliss/.stmcufinder/plugins/mcufinder/ => /Users/bliss/.stmcufinder/plugins/mcufinder
2020-09-27 11:12:31,788 [WARN] DbFile:36 - Overriding database path with different value: /Users/bliss/.stmcufinder/plugins/mcufinder/ => /Users/bliss/.stmcufinder/plugins/mcufinder
2020-09-27 11:12:31,788 [INFO] CrossReferenceDbSqlite:196 - Set database path to: /Users/bliss/.stmcufinder/plugins/mcufinder//mcu/cs/
2020-09-27 11:12:31,788 [WARN] DbFile:36 - Overriding database path with different value: /Users/bliss/.stmcufinder/plugins/mcufinder/ => /Users/bliss/.stmcufinder/plugins/mcufinder
2020-09-27 11:12:31,789 [INFO] DbExamplesSqlite:800 - Set database path to: /Users/bliss/.stmcufinder/plugins/mcufinder//mcu/
2020-09-27 11:12:31,871 [INFO] MainPanel:189 - HeapMemory: 304087040
2020-09-27 11:12:31,952 [INFO] DbMcusXml:70 - Set database path to: /Applications/STM32CubeIDE.app/Contents/Eclipse/plugins/com.st.stm32cube.common.mx_6.0.0.202007160824//db//mcu/
2020-09-27 11:12:31,952 [INFO] DbBoardsPdsc:56 - Set plugin database path to: /Applications/STM32CubeIDE.app/Contents/Eclipse/plugins/com.st.stm32cube.common.mx_6.0.0.202007160824//db//plugins/boardmanager/
2020-09-27 11:12:31,953 [INFO] DbMcus:258 - Set plugin images path to: /Applications/STM32CubeIDE.app/Contents/Eclipse/plugins/com.st.stm32cube.common.mx_6.0.0.202007160824//db//plugins/mcufinder/images/
2020-09-27 11:12:31,953 [INFO] DbBoards:264 - Set plugin images path to: /Applications/STM32CubeIDE.app/Contents/Eclipse/plugins/com.st.stm32cube.common.mx_6.0.0.202007160824//db//plugins/mcufinder/images/
2020-09-27 11:12:31,953 [INFO] DbExamples:326 - Set plugin images path to: /Applications/STM32CubeIDE.app/Contents/Eclipse/plugins/com.st.stm32cube.common.mx_6.0.0.202007160824//db//plugins/mcufinder/images/
2020-09-27 11:12:31,954 [WARN] DbFile:36 - Overriding database path with different value: /Users/bliss/.stmcufinder/plugins/mcufinder/ => /Users/bliss/.stmcufinder/plugins/mcufinder
2020-09-27 11:12:31,954 [INFO] DbMcusDocs:112 - Set database path to: /Users/bliss/.stmcufinder/plugins/mcufinder//mcu/
2020-09-27 11:12:31,955 [WARN] DbFile:36 - Overriding database path with different value: /Users/bliss/.stmcufinder/plugins/mcufinder/ => /Users/bliss/.stmcufinder/plugins/mcufinder
2020-09-27 11:12:31,955 [INFO] DbMcusJson:63 - Set database path to: /Users/bliss/.stmcufinder/plugins/mcufinder//mcu/
2020-09-27 11:12:31,955 [WARN] DbFile:36 - Overriding database path with different value: /Users/bliss/.stmcufinder/plugins/mcufinder/ => /Users/bliss/.stmcufinder/plugins/mcufinder
2020-09-27 11:12:31,956 [INFO] DbBoardsDocs:112 - Set database path to: /Users/bliss/.stmcufinder/plugins/mcufinder//mcu/
2020-09-27 11:12:31,956 [WARN] DbFile:36 - Overriding database path with different value: /Users/bliss/.stmcufinder/plugins/mcufinder/ => /Users/bliss/.stmcufinder/plugins/mcufinder
2020-09-27 11:12:31,956 [INFO] DbBoardsJson:56 - Set database path to: /Users/bliss/.stmcufinder/plugins/mcufinder//mcu/
2020-09-27 11:12:31,956 [WARN] DbFile:36 - Overriding database path with different value: /Users/bliss/.stmcufinder/plugins/mcufinder/ => /Users/bliss/.stmcufinder/plugins/mcufinder
2020-09-27 11:12:31,956 [WARN] DbFile:36 - Overriding database path with different value: /Users/bliss/.stmcufinder/plugins/mcufinder/ => /Users/bliss/.stmcufinder/plugins/mcufinder
2020-09-27 11:12:31,957 [INFO] CrossReferenceDbSqlite:196 - Set database path to: /Users/bliss/.stmcufinder/plugins/mcufinder//mcu/cs/
2020-09-27 11:12:31,957 [WARN] DbFile:36 - Overriding database path with different value: /Users/bliss/.stmcufinder/plugins/mcufinder/ => /Users/bliss/.stmcufinder/plugins/mcufinder
2020-09-27 11:12:31,957 [INFO] DbExamplesSqlite:800 - Set database path to: /Users/bliss/.stmcufinder/plugins/mcufinder//mcu/
2020-09-27 11:12:31,981 [INFO] ApplicationProperties:181 - Using Application install path: /Applications/STM32CubeIDE.app/Contents/Eclipse/plugins/com.st.stm32cube.common.mx_6.0.0.202007160824
2020-09-27 11:12:31,984 [INFO] PluginManage:178 - Search for loadable plugins [exclusion list=, ]
2020-09-27 11:12:31,987 [INFO] PluginManage:292 - Check plugin analytics
2020-09-27 11:12:32,185 [INFO] AnalyticsPlugin:203 - Accepted Software Licenses: 
2020-09-27 11:12:32,187 [INFO] AnalyticsPlugin:205 - Accepted CMSIS Pack Licenses: 
2020-09-27 11:12:32,188 [INFO] AnalyticsPlugin:207 - Accepted Firmware Licenses: 
2020-09-27 11:12:32,188 [INFO] PluginManage:342 - Loaded plugin analytics (category:tool,tabindex:-1)
2020-09-27 11:12:32,189 [INFO] PluginManage:292 - Check plugin clock
2020-09-27 11:12:32,202 [INFO] PluginManage:342 - Loaded plugin clock (category:base,tabindex:2)
2020-09-27 11:12:32,202 [INFO] PluginManage:292 - Check plugin ddr
2020-09-27 11:12:32,204 [INFO] PluginManage:342 - Loaded plugin ddr (category:tool,tabindex:6)
2020-09-27 11:12:32,205 [INFO] PluginManage:292 - Check plugin filemanager
2020-09-27 11:12:32,361 [INFO] PluginManage:342 - Loaded plugin filemanager (category:base,tabindex:10)
2020-09-27 11:12:32,361 [INFO] PluginManage:292 - Check plugin ipmanager
2020-09-27 11:12:32,371 [INFO] PluginManage:342 - Loaded plugin ipmanager (category:base,tabindex:5)
2020-09-27 11:12:32,371 [INFO] PluginManage:292 - Check plugin pinoutandconfiguration
2020-09-27 11:12:32,382 [INFO] PluginManage:342 - Loaded plugin pinoutandconfiguration (category:base,tabindex:1)
2020-09-27 11:12:32,383 [INFO] PluginManage:292 - Check plugin pinoutconfig
2020-09-27 11:12:32,415 [INFO] PluginManage:342 - Loaded plugin pinoutconfig (category:base,tabindex:0)
2020-09-27 11:12:32,415 [INFO] PluginManage:292 - Check plugin power
2020-09-27 11:12:32,425 [INFO] PluginManage:342 - Loaded plugin power (category:power,tabindex:4)
2020-09-27 11:12:32,426 [INFO] PluginManage:292 - Check plugin projectmanager
2020-09-27 11:12:32,448 [INFO] PluginManage:342 - Loaded plugin projectmanager (category:projectmanager,tabindex:3)
2020-09-27 11:12:32,449 [INFO] PluginManage:292 - Check plugin thirdparty
2020-09-27 11:12:32,532 [INFO] ThirdPartyDb:333 - Open Third Party DataBase File (/Users/bliss/.stm32cubemx/plugins/thirdparty/db/thirdparties_db.xml) : 35 ms. number of Sw pack : 22
2020-09-27 11:12:32,538 [INFO] PluginManage:342 - Loaded plugin thirdparty (category:base,tabindex:-1)
2020-09-27 11:12:32,538 [INFO] PluginManage:292 - Check plugin tools
2020-09-27 11:12:32,541 [INFO] PluginManage:342 - Loaded plugin tools (category:base,tabindex:7)
2020-09-27 11:12:32,542 [INFO] PluginManage:292 - Check plugin tutovideos
2020-09-27 11:12:32,859 [INFO] PluginManage:342 - Loaded plugin tutovideos (category:base,tabindex:-1)
2020-09-27 11:12:32,860 [INFO] PluginManage:292 - Check plugin updater
2020-09-27 11:12:32,874 [INFO] PluginManage:342 - Loaded plugin updater (category:base,tabindex:12)
2020-09-27 11:12:32,875 [INFO] PluginManage:265 - PluginManage : Loaded plugins [13]
2020-09-27 11:12:33,665 [INFO] PinOutPanel:1418 - setPackage(No Configuration,No Configuration)
2020-09-27 11:12:33,760 [INFO] IPUIPlugin:64 - create IPUIPlugin
2020-09-27 11:12:33,761 [INFO] PluginManager:200 - loadIPPluginJar : add mdma
2020-09-27 11:12:33,769 [INFO] IPUIPlugin:64 - create IPUIPlugin
2020-09-27 11:12:33,770 [INFO] PluginManager:200 - loadIPPluginJar : add freertos
2020-09-27 11:12:33,777 [INFO] IPUIPlugin:64 - create IPUIPlugin
2020-09-27 11:12:33,778 [INFO] PluginManager:200 - loadIPPluginJar : add gic
2020-09-27 11:12:33,788 [INFO] IPUIPlugin:64 - create IPUIPlugin
2020-09-27 11:12:33,788 [INFO] PluginManager:200 - loadIPPluginJar : add adc
2020-09-27 11:12:33,791 [INFO] IPUIPlugin:64 - create IPUIPlugin
2020-09-27 11:12:33,791 [INFO] PluginManager:200 - loadIPPluginJar : add gtzc
2020-09-27 11:12:33,793 [INFO] IPUIPlugin:64 - create IPUIPlugin
2020-09-27 11:12:33,793 [INFO] PluginManager:200 - loadIPPluginJar : add quadspi
2020-09-27 11:12:33,796 [INFO] IPUIPlugin:64 - create IPUIPlugin
2020-09-27 11:12:33,797 [INFO] PluginManager:200 - loadIPPluginJar : add aes
2020-09-27 11:12:33,800 [INFO] IPUIPlugin:64 - create IPUIPlugin
2020-09-27 11:12:33,800 [INFO] PluginManager:200 - loadIPPluginJar : add pdm2pcm
2020-09-27 11:12:33,802 [INFO] IPUIPlugin:64 - create IPUIPlugin
2020-09-27 11:12:33,803 [INFO] PluginManager:200 - loadIPPluginJar : add hash
2020-09-27 11:12:33,805 [INFO] IPUIPlugin:64 - create IPUIPlugin
2020-09-27 11:12:33,805 [INFO] PluginManager:200 - loadIPPluginJar : add tim
2020-09-27 11:12:33,807 [INFO] IPUIPlugin:64 - create IPUIPlugin
2020-09-27 11:12:33,807 [INFO] PluginManager:200 - loadIPPluginJar : add tsc
2020-09-27 11:12:33,809 [INFO] IPUIPlugin:64 - create IPUIPlugin
2020-09-27 11:12:33,810 [INFO] PluginManager:200 - loadIPPluginJar : add ts
2020-09-27 11:12:33,813 [INFO] IPUIPlugin:64 - create IPUIPlugin
2020-09-27 11:12:33,813 [INFO] PluginManager:200 - loadIPPluginJar : add can
2020-09-27 11:12:33,815 [INFO] IPUIPlugin:64 - create IPUIPlugin
2020-09-27 11:12:33,816 [INFO] PluginManager:200 - loadIPPluginJar : add dfsdm
2020-09-27 11:12:33,818 [INFO] IPUIPlugin:64 - create IPUIPlugin
2020-09-27 11:12:33,818 [INFO] PluginManager:200 - loadIPPluginJar : add spi
2020-09-27 11:12:33,821 [INFO] IPUIPlugin:64 - create IPUIPlugin
2020-09-27 11:12:33,821 [INFO] PluginManager:200 - loadIPPluginJar : add gfxmmu
2020-09-27 11:12:33,823 [INFO] IPUIPlugin:64 - create IPUIPlugin
2020-09-27 11:12:33,823 [INFO] PluginManager:200 - loadIPPluginJar : add genericplugin
2020-09-27 11:12:33,826 [INFO] IPUIPlugin:64 - create IPUIPlugin
2020-09-27 11:12:33,826 [INFO] PluginManager:200 - loadIPPluginJar : add cryp
2020-09-27 11:12:33,831 [INFO] IPUIPlugin:64 - create IPUIPlugin
2020-09-27 11:12:33,831 [INFO] PluginManager:200 - loadIPPluginJar : add gpio
2020-09-27 11:12:33,833 [INFO] IPUIPlugin:64 - create IPUIPlugin
2020-09-27 11:12:33,833 [INFO] PluginManager:200 - loadIPPluginJar : add comp
2020-09-27 11:12:33,835 [INFO] IPUIPlugin:64 - create IPUIPlugin
2020-09-27 11:12:33,836 [INFO] PluginManager:200 - loadIPPluginJar : add tracer_emb
2020-09-27 11:12:33,839 [INFO] IPUIPlugin:64 - create IPUIPlugin
2020-09-27 11:12:33,840 [INFO] PluginManager:200 - loadIPPluginJar : add openamp
2020-09-27 11:12:33,844 [INFO] IPUIPlugin:64 - create IPUIPlugin
2020-09-27 11:12:33,844 [INFO] PluginManager:200 - loadIPPluginJar : add stm32_wpan
2020-09-27 11:12:33,851 [INFO] IPUIPlugin:64 - create IPUIPlugin
2020-09-27 11:12:33,855 [INFO] PluginManager:200 - loadIPPluginJar : add plateformsettings
2020-09-27 11:12:33,860 [INFO] IPUIPlugin:64 - create IPUIPlugin
2020-09-27 11:12:33,860 [INFO] PluginManager:200 - loadIPPluginJar : add ipddr
2020-09-27 11:12:33,863 [INFO] IPUIPlugin:64 - create IPUIPlugin
2020-09-27 11:12:33,863 [INFO] PluginManager:200 - loadIPPluginJar : add usart
2020-09-27 11:12:33,865 [INFO] IPUIPlugin:64 - create IPUIPlugin
2020-09-27 11:12:33,865 [INFO] PluginManager:200 - loadIPPluginJar : add ltdc
2020-09-27 11:12:33,869 [INFO] IPUIPlugin:64 - create IPUIPlugin
2020-09-27 11:12:33,869 [INFO] PluginManager:200 - loadIPPluginJar : add nvic
2020-09-27 11:12:33,871 [INFO] IPUIPlugin:64 - create IPUIPlugin
2020-09-27 11:12:33,871 [INFO] PluginManager:200 - loadIPPluginJar : add fatfs
2020-09-27 11:12:33,878 [INFO] IPUIPlugin:64 - create IPUIPlugin
2020-09-27 11:12:33,878 [INFO] PluginManager:200 - loadIPPluginJar : add dma
2020-09-27 11:12:33,883 [INFO] IPUIPlugin:64 - create IPUIPlugin
2020-09-27 11:12:33,883 [INFO] PluginManager:200 - loadIPPluginJar : add fmc
2020-09-27 11:12:33,886 [INFO] IPUIPlugin:64 - create IPUIPlugin
2020-09-27 11:12:33,886 [INFO] PluginManager:200 - loadIPPluginJar : add i2s
2020-09-27 11:12:33,888 [INFO] IPUIPlugin:64 - create IPUIPlugin
2020-09-27 11:12:33,889 [INFO] PluginManager:200 - loadIPPluginJar : add ucpd
2020-09-27 11:12:33,891 [INFO] IPUIPlugin:64 - create IPUIPlugin
2020-09-27 11:12:33,892 [INFO] PluginManager:200 - loadIPPluginJar : add opamp
2020-09-27 11:12:33,898 [INFO] IPUIPlugin:64 - create IPUIPlugin
2020-09-27 11:12:33,898 [INFO] PluginManager:200 - loadIPPluginJar : add touchsensing
2020-09-27 11:12:33,901 [INFO] IPUIPlugin:64 - create IPUIPlugin
2020-09-27 11:12:33,901 [INFO] PluginManager:200 - loadIPPluginJar : add i2c
2020-09-27 11:12:33,904 [INFO] IPUIPlugin:64 - create IPUIPlugin
2020-09-27 11:12:33,905 [INFO] PluginManager:200 - loadIPPluginJar : add resmgrutility
2020-09-27 11:12:33,908 [INFO] IPUIPlugin:64 - create IPUIPlugin
2020-09-27 11:12:33,909 [INFO] PluginManager:200 - loadIPPluginJar : add sai
2020-09-27 11:12:34,083 [ERROR] OsUtils:37 - [DDR PANEL] - Operating System: Not Defined
2020-09-27 11:12:34,250 [INFO] CubeProgrammer:457 - [DDR PANEL] - PathOfProgrammer: null
2020-09-27 11:12:35,175 [FATAL] Updater:282 - Updater called before beeing initialized
2020-09-27 11:12:35,367 [FATAL] Updater:282 - Updater called before beeing initialized
2020-09-27 11:12:35,368 [WARN] ThirdParty:775 - waiting for thirdparty lock release [close project]
2020-09-27 11:12:35,368 [INFO] ThirdParty:777 - entering critical section [close project]
2020-09-27 11:12:35,369 [INFO] ThirdParty:790 - exiting critical section [close project]
2020-09-27 11:12:35,372 [INFO] PinOutPanel:1418 - setPackage(No Configuration,No Configuration)
2020-09-27 11:12:35,373 [FATAL] Updater:282 - Updater called before beeing initialized
2020-09-27 11:12:35,381 [ERROR] Updater:967 - MainUpdater not yet initialized. External WinMGr cannot be set.
2020-09-27 11:12:35,385 [INFO] CubeProgrammer:457 - [DDR PANEL] - PathOfProgrammer: /Applications/STM32CubeIDE.app/Contents/Eclipse/plugins/com.st.stm32cube.ide.mcu.externaltools.cubeprogrammer.macos64_1.4.0.202007081208/tools/bin
2020-09-27 11:12:35,419 [INFO] ProgrammerExecThread:148 - [ProgrammerAPI] CubeProgrammer command construction: /Applications/STM32CubeIDE.app/Contents/Eclipse/plugins/com.st.stm32cube.ide.mcu.externaltools.cubeprogrammer.macos64_1.4.0.202007081208/tools/bin/STM32_Programmer_CLI -l
2020-09-27 11:12:35,515 [INFO] MainDdrPanel:49 - [DDR PANEL] SETTER - Set cubeProgrammerPath to: /Applications/STM32CubeIDE.app/Contents/Eclipse/plugins/com.st.stm32cube.ide.mcu.externaltools.cubeprogrammer.macos64_1.4.0.202007081208/tools/bin
2020-09-27 11:12:35,551 [INFO] Updater:904 - Updater Version found : 6.0.0
2020-09-27 11:12:35,592 [INFO] ApplicationProperties:181 - Using Application install path: /Applications/STM32CubeIDE.app/Contents/Eclipse/plugins/com.st.stm32cube.common.mx_6.0.0.202007160824
2020-09-27 11:12:35,959 [INFO] MainUpdater:2268 - connection check result : 10
2020-09-27 11:12:35,961 [INFO] MainUpdater:239 - Updater Check For Update Now.
2020-09-27 11:12:35,961 [INFO] MicroXplorer:414 - Change Database Version : DB.6.0.0
2020-09-27 11:12:36,019 [INFO] CheckServerUpdateThread:102 - End of CheckServer Thread
2020-09-27 11:12:36,073 [INFO] MainUpdater:2268 - connection check result : 10
2020-09-27 11:12:36,595 [INFO] McuFinderGlobals:40 - Set McuFinder mode to 2 (CubeIDE integrated)
2020-09-27 11:12:36,729 [INFO] CrossSelectorPresenter:1330 - Cross Selector saved comparison directory: /Users/bliss/.stmcufinder/plugins/mcufinder/mcu/cs_comparisons_mx
2020-09-27 11:12:36,735 [INFO] MultiScanPanel:193 - Auto-refresh data requested => check proxy status ongoing
2020-09-27 11:12:36,738 [INFO] FinderPluginLoader:87 - Searching for filters in installed packs
2020-09-27 11:12:36,740 [INFO] DbMcusXml:100 - Load MCU database from /Applications/STM32CubeIDE.app/Contents/Eclipse/plugins/com.st.stm32cube.common.mx_6.0.0.202007160824//db//mcu/families.xml
2020-09-27 11:12:38,109 [INFO] DbMcusJson:92 - JSON generation date=Mon Jul 27 18:28:30 IST 2020 (1595854710)
2020-09-27 11:12:38,550 [WARN] IntegrityCheckThread:61 - waiting for thirdparty lock release [integrity check]
2020-09-27 11:12:38,551 [INFO] IntegrityCheckThread:63 - entering critical section [integrity check]
2020-09-27 11:12:38,743 [INFO] ThirdPartyDb:299 - Save Third Party DataBase File (/Users/bliss/.stm32cubemx/plugins/thirdparty/db/thirdparties_db.xml) [forced]
2020-09-27 11:12:38,811 [INFO] ThirdPartyDb:299 - Save Third Party DataBase File (/Users/bliss/.stm32cubemx/plugins/thirdparty/db/thirdparties_db.xml) [forced]
2020-09-27 11:12:38,835 [INFO] IntegrityCheckThread:76 - exiting critical section [integrity check]
2020-09-27 11:12:38,835 [INFO] IntegrityCheckThread:79 - End integrity checks thread
2020-09-27 11:12:39,422 [INFO] DbMcus:175 - Found 1761 MCUs (1722 are supported by CubeMX, 1728 are visible in CubeMX)
2020-09-27 11:12:39,423 [INFO] ApiDb:201 - Load user favorites file /Users/bliss/.stm32cubeide/favorites.mcus.txt: 0 item(s)
2020-09-27 11:12:39,423 [INFO] ApiDb:205 - User favorites MCUs=[]
2020-09-27 11:12:39,423 [INFO] DbMcus:187 - Set 0 / 0 favorites MCUs
2020-09-27 11:12:40,168 [INFO] LoadUrlFilesThread:162 - End of LoadServerUrlFiles without Thread
2020-09-27 11:12:40,207 [INFO] DetailPanel:331 - Set advertising image to /Users/bliss/STM32Cube/Repository//stm32cubemx-promo_image.jpg
2020-09-27 11:12:40,816 [INFO] McuFilterPanel:245 - Update 0 favorites MCUs
2020-09-27 11:12:40,963 [INFO] DbBoardsPdsc:94 - Found 9 items
2020-09-27 11:12:40,967 [INFO] DbBoardsPdsc:94 - Found 4 items
2020-09-27 11:12:40,969 [INFO] DbBoardsPdsc:94 - Found 2 items
2020-09-27 11:12:40,982 [INFO] DbBoardsPdsc:94 - Found 44 items
2020-09-27 11:12:40,988 [INFO] DbBoardsPdsc:94 - Found 23 items
2020-09-27 11:12:40,991 [INFO] DbBoardsPdsc:94 - Found 1 items
2020-09-27 11:12:41,006 [INFO] DbBoardsPdsc:94 - Found 40 items
2020-09-27 11:12:41,014 [INFO] DbBoardsPdsc:94 - Found 29 items
2020-09-27 11:12:41,023 [WARN] DbBoardsPdsc:258 - Board STM32H7B3I-DK: unknown feature type=Audio, name=, username=Audio stereo codec with Headphone Amp (CS42L51-CNZ), n=1
2020-09-27 11:12:41,024 [WARN] DbBoardsPdsc:258 - Board STM32H735G-DK: unknown feature type=Audio, name=, username=Audio stereo codec with Headphone Amp (WM8994ECS/R), n=1
2020-09-27 11:12:41,028 [WARN] DbBoardsPdsc:258 - Board STM32H7B3I-EVAL: unknown feature type=Audio, name=, username=Multi-Channel Audio Codec (CS42L51-CNZ), n=1
2020-09-27 11:12:41,029 [WARN] DbBoardsPdsc:258 - Board STM32H7B3I-EVAL: unknown feature type=Meter, name=, username=Power-metering and Temperature-monitoring with sigma-delta modulators, n=1
2020-09-27 11:12:41,029 [WARN] DbBoardsPdsc:258 - Board STM32H7B3I-EVAL: unknown feature type=Motor, name=, username=Motor Control, n=1
2020-09-27 11:12:41,104 [INFO] DbBoardsJson:85 - JSON generation date=Thu Jul 02 19:05:57 IST 2020 (1593696957)
2020-09-27 11:12:41,114 [INFO] DbBoards:117 - Found 152 boards (149 are supported by CubeMX)
2020-09-27 11:12:41,133 [INFO] DbBoardsDocs:145 - JSON generation date=Mon Jul 27 18:28:30 IST 2020 (1595854710)
2020-09-27 11:12:41,181 [INFO] DbBoardsDocs:81 - Found 185 boards documents
2020-09-27 11:12:41,182 [WARN] DbBoards:149 - board B-G474E-DPOW1 / document id not found: 4624
2020-09-27 11:12:41,182 [WARN] DbBoards:149 - board B-G474E-DPOW1 / document id not found: 4625
2020-09-27 11:12:41,182 [WARN] DbBoards:127 - board B-L462E-CELL1 has no document id list !
2020-09-27 11:12:41,182 [WARN] DbBoards:127 - board B-L475E-IOT01A2 has no document id list !
2020-09-27 11:12:41,186 [WARN] DbBoards:127 - board NUCLEO-G491RE has no document id list !
2020-09-27 11:12:41,186 [WARN] DbBoards:127 - board NUCLEO-H723ZG has no document id list !
2020-09-27 11:12:41,186 [WARN] DbBoards:127 - board NUCLEO-H743ZI2 has no document id list !
2020-09-27 11:12:41,189 [WARN] DbBoards:127 - board NUCLEO-WB55RG has no document id list !
2020-09-27 11:12:41,189 [WARN] DbBoards:127 - board P-NUCLEO-WB55-Nucleo has no document id list !
2020-09-27 11:12:41,190 [WARN] DbBoards:127 - board P-NUCLEO-WB55-USBDongle has no document id list !
2020-09-27 11:12:41,190 [WARN] DbBoards:127 - board STEVAL-BFA001V1B has no document id list !
2020-09-27 11:12:41,190 [WARN] DbBoards:127 - board STEVAL-BFA001V2B has no document id list !
2020-09-27 11:12:41,190 [WARN] DbBoards:127 - board STEVAL-IDP005V1 has no document id list !
2020-09-27 11:12:41,190 [WARN] DbBoards:127 - board STEVAL-IDP005V2 has no document id list !
2020-09-27 11:12:41,191 [WARN] DbBoards:127 - board STEVAL-MKSBOX1V1 has no document id list !
2020-09-27 11:12:41,191 [WARN] DbBoards:127 - board STEVAL-STWINKT1 has no document id list !
2020-09-27 11:12:41,192 [WARN] DbBoards:127 - board STM32F401C-DISCO has no document id list !
2020-09-27 11:12:41,198 [WARN] DbBoards:127 - board STM32F769I-DISC1 has no document id list !
2020-09-27 11:12:41,199 [WARN] DbBoards:127 - board STM32G474E-EVAL1 has no document id list !
2020-09-27 11:12:41,199 [WARN] DbBoards:127 - board STM32H735G-DK has no document id list !
2020-09-27 11:12:41,199 [WARN] DbBoards:127 - board STM32H743I-EVAL2 has no document id list !
2020-09-27 11:12:41,199 [WARN] DbBoards:127 - board STM32H747I-DISC1 has no document id list !
2020-09-27 11:12:41,200 [WARN] DbBoards:127 - board STM32H753I-EVAL2 has no document id list !
2020-09-27 11:12:41,200 [WARN] DbBoards:127 - board STM32L-DISCOVERY has no document id list !
2020-09-27 11:12:41,201 [WARN] DbBoards:127 - board STM32MP157A-DK1 has no document id list !
2020-09-27 11:12:41,202 [WARN] DbBoards:127 - board STM32MP157F-EV1 has no document id list !
2020-09-27 11:12:41,423 [ERROR] DbBoards:192 - No image file URL for board B-L462E-CELL1
2020-09-27 11:12:43,175 [INFO] ApiDb:201 - Load user favorites file /Users/bliss/.stm32cubeide/favorites.boards.txt: 1 item(s)
2020-09-27 11:12:43,175 [INFO] ApiDb:205 - User favorites Boards=[NUCLEO-L476RG]
2020-09-27 11:12:43,175 [INFO] DbBoards:206 - Set 1 / 1 favorites Boards
2020-09-27 11:13:39,172 [INFO] MultiScanPanel:193 - Auto-refresh data requested => check proxy status ongoing
2020-09-27 11:13:39,268 [INFO] LoadUrlFilesThread:162 - End of LoadServerUrlFiles without Thread
2020-09-27 11:13:39,268 [INFO] DetailPanel:331 - Set advertising image to /Users/bliss/STM32Cube/Repository//stm32cubemx-promo_image.jpg
2020-09-27 11:13:39,310 [INFO] BoardFilterPanel:214 - Update 1 favorites Boards
2020-09-27 11:15:05,726 [INFO] LogOutputStream:76 - [STDOUT_REDIRECT] withoutVersionV1.16.0
2020-09-27 11:15:09,442 [INFO] ApiDb:226 - Save user favorites file /Users/bliss/.stm32cubeide/favorites.mcus.txt: 0 item(s)
2020-09-27 11:15:09,444 [INFO] ApiDb:230 - User favorites MCUs=[]
2020-09-27 11:15:09,446 [INFO] ApiDb:226 - Save user favorites file /Users/bliss/.stm32cubeide/favorites.boards.txt: 1 item(s)
2020-09-27 11:15:09,447 [INFO] ApiDb:230 - User favorites Boards=[NUCLEO-L476RG]
